<?xml version="1.0" encoding="UTF-8"?>
<!-- Generated by org.testng.reporters.JUnitReportReporter -->
<testsuite hostname="Hari" failures="0" tests="3" name="api.test.DDTests" time="5.470" errors="0" timestamp="2024-06-07T14:16:41 IST" skipped="0">
  <testcase classname="api.test.DDTests" name="testPostUser" time="1.516"/>
  <testcase classname="api.test.DDTests" name="testPostUser" time="1.603"/>
  <testcase classname="api.test.DDTests" name="testPostUser" time="2.351"/>
</testsuite> <!-- api.test.DDTests -->
