<?xml version="1.0" encoding="UTF-8"?>
<!-- Generated by org.testng.reporters.JUnitReportReporter -->
<testsuite hostname="Hari" failures="0" tests="4" name="api.test.UserTests2" time="7.279" errors="0" timestamp="2024-06-07T15:28:02 IST" skipped="0">
  <testcase classname="api.test.UserTests2" name="testPostUser" time="2.634"/>
  <testcase classname="api.test.UserTests2" name="testGetUserByName" time="1.183"/>
  <testcase classname="api.test.UserTests2" name="testUpdateUserByName" time="2.316"/>
  <testcase classname="api.test.UserTests2" name="testDeleteUserByName" time="1.146"/>
</testsuite> <!-- api.test.UserTests2 -->
