<?xml version="1.0" encoding="UTF-8"?>
<!-- Generated by org.testng.reporters.JUnitReportReporter -->
<testsuite hostname="Hari" failures="0" tests="4" name="api.test.UserTests" time="9.534" errors="0" timestamp="2024-06-07T14:16:41 IST" skipped="0">
  <testcase classname="api.test.UserTests" name="testPostUser" time="3.585"/>
  <testcase classname="api.test.UserTests" name="testGetUserByName" time="1.592"/>
  <testcase classname="api.test.UserTests" name="testUpdateUserByName" time="2.978"/>
  <testcase classname="api.test.UserTests" name="testDeleteUserByName" time="1.379"/>
</testsuite> <!-- api.test.UserTests -->
